<?xml version="1.0" encoding="UTF-8"?>
<testsuite xmlns:xsi="http://www.w3.org/2001/XMLSchema-instance" xsi:noNamespaceSchemaLocation="https://maven.apache.org/surefire/maven-surefire-plugin/xsd/surefire-test-report-3.0.xsd" version="3.0" name="org.sonar.samples.java.MyJavaRulesDefinitionTest" time="0.223" tests="1" errors="0" skipped="0" failures="0">
  <properties>
    <property name="java.specification.version" value="15"/>
    <property name="sun.cpu.isalist" value="amd64"/>
    <property name="sun.jnu.encoding" value="Cp1256"/>
    <property name="java.class.path" value="E:\sonar rule\thp-java-custom-rules\target\test-classes;E:\sonar rule\thp-java-custom-rules\target\classes;C:\Users\Acer\.m2\repository\org\sonarsource\sonarqube\sonar-plugin-api\8.9.0.43852\sonar-plugin-api-8.9.0.43852.jar;C:\Users\Acer\.m2\repository\org\sonarsource\java\sonar-java-plugin\6.15.1.26025\sonar-java-plugin-6.15.1.26025.jar;C:\Users\Acer\.m2\repository\org\sonarsource\java\java-surefire\6.15.1.26025\java-surefire-6.15.1.26025.jar;C:\Users\Acer\.m2\repository\com\fasterxml\staxmate\staxmate\2.4.0\staxmate-2.4.0.jar;C:\Users\Acer\.m2\repository\org\codehaus\woodstox\stax2-api\4.2.1\stax2-api-4.2.1.jar;C:\Users\Acer\.m2\repository\org\sonarsource\java\java-frontend\6.15.1.26025\java-frontend-6.15.1.26025.jar;C:\Users\Acer\.m2\repository\org\sonarsource\java\jdt\6.15.1.26025\jdt-6.15.1.26025-shaded.jar;C:\Users\Acer\.m2\repository\org\eclipse\jdt\org.eclipse.jdt.core\3.25.0\org.eclipse.jdt.core-3.25.0.jar;C:\Users\Acer\.m2\repository\org\eclipse\platform\org.eclipse.core.resources\3.18.0\org.eclipse.core.resources-3.18.0.jar;C:\Users\Acer\.m2\repository\org\eclipse\platform\org.eclipse.osgi\3.18.100\org.eclipse.osgi-3.18.100.jar;C:\Users\Acer\.m2\repository\org\eclipse\platform\org.eclipse.core.runtime\3.26.0\org.eclipse.core.runtime-3.26.0.jar;C:\Users\Acer\.m2\repository\org\eclipse\platform\org.eclipse.equinox.common\3.16.200\org.eclipse.equinox.common-3.16.200.jar;C:\Users\Acer\.m2\repository\org\eclipse\platform\org.eclipse.core.jobs\3.13.100\org.eclipse.core.jobs-3.13.100.jar;C:\Users\Acer\.m2\repository\org\eclipse\platform\org.eclipse.equinox.preferences\3.10.100\org.eclipse.equinox.preferences-3.10.100.jar;C:\Users\Acer\.m2\repository\org\osgi\org.osgi.service.prefs\1.1.2\org.osgi.service.prefs-1.1.2.jar;C:\Users\Acer\.m2\repository\org\osgi\osgi.annotation\8.0.1\osgi.annotation-8.0.1.jar;C:\Users\Acer\.m2\repository\org\eclipse\platform\org.eclipse.core.contenttype\3.8.200\org.eclipse.core.contenttype-3.8.200.jar;C:\Users\Acer\.m2\repository\org\eclipse\platform\org.eclipse.text\3.12.200\org.eclipse.text-3.12.200.jar;C:\Users\Acer\.m2\repository\org\eclipse\platform\org.eclipse.core.commands\3.10.200\org.eclipse.core.commands-3.10.200.jar;C:\Users\Acer\.m2\repository\org\sonarsource\sslr\sslr-core\1.24.0.633\sslr-core-1.24.0.633.jar;C:\Users\Acer\.m2\repository\org\apache\commons\commons-lang3\3.12.0\commons-lang3-3.12.0.jar;C:\Users\Acer\.m2\repository\org\sonarsource\analyzer-commons\sonar-regex-parsing\1.14.1.690\sonar-regex-parsing-1.14.1.690.jar;C:\Users\Acer\.m2\repository\org\sonarsource\java\java-symbolic-execution\6.15.1.26025\java-symbolic-execution-6.15.1.26025.jar;C:\Users\Acer\.m2\repository\org\sonarsource\java\java-checks\6.15.1.26025\java-checks-6.15.1.26025.jar;C:\Users\Acer\.m2\repository\org\sonarsource\analyzer-commons\sonar-analyzer-recognizers\1.14.1.690\sonar-analyzer-recognizers-1.14.1.690.jar;C:\Users\Acer\.m2\repository\commons-lang\commons-lang\2.6\commons-lang-2.6.jar;C:\Users\Acer\.m2\repository\org\sonarsource\java\external-reports\6.15.1.26025\external-reports-6.15.1.26025.jar;C:\Users\Acer\.m2\repository\org\sonarsource\java\java-jsp\6.15.1.26025\java-jsp-6.15.1.26025.jar;C:\Users\Acer\.m2\repository\org\apache\tomcat\embed\tomcat-embed-jasper\9.0.33\tomcat-embed-jasper-9.0.33.jar;C:\Users\Acer\.m2\repository\org\apache\tomcat\embed\tomcat-embed-core\9.0.33\tomcat-embed-core-9.0.33.jar;C:\Users\Acer\.m2\repository\org\apache\tomcat\tomcat-annotations-api\9.0.33\tomcat-annotations-api-9.0.33.jar;C:\Users\Acer\.m2\repository\org\apache\tomcat\embed\tomcat-embed-el\9.0.33\tomcat-embed-el-9.0.33.jar;C:\Users\Acer\.m2\repository\org\sonarsource\analyzer-commons\sonar-xml-parsing\1.14.1.690\sonar-xml-parsing-1.14.1.690.jar;C:\Users\Acer\.m2\repository\xerces\xercesImpl\2.12.0\xercesImpl-2.12.0.jar;C:\Users\Acer\.m2\repository\xml-apis\xml-apis\1.4.01\xml-apis-1.4.01.jar;C:\Users\Acer\.m2\repository\com\fasterxml\woodstox\woodstox-core\5.2.0\woodstox-core-5.2.0.jar;C:\Users\Acer\.m2\repository\org\sonarsource\analyzer-commons\sonar-analyzer-commons\1.24.0.965\sonar-analyzer-commons-1.24.0.965.jar;C:\Users\Acer\.m2\repository\org\sonarsource\java\java-checks-testkit\6.15.1.26025\java-checks-testkit-6.15.1.26025.jar;C:\Users\Acer\.m2\repository\com\google\code\gson\gson\2.8.6\gson-2.8.6.jar;C:\Users\Acer\.m2\repository\com\google\code\findbugs\jsr305\3.0.2\jsr305-3.0.2.jar;C:\Users\Acer\.m2\repository\org\junit\jupiter\junit-jupiter\5.7.0\junit-jupiter-5.7.0.jar;C:\Users\Acer\.m2\repository\org\junit\jupiter\junit-jupiter-api\5.7.0\junit-jupiter-api-5.7.0.jar;C:\Users\Acer\.m2\repository\org\opentest4j\opentest4j\1.2.0\opentest4j-1.2.0.jar;C:\Users\Acer\.m2\repository\org\junit\platform\junit-platform-commons\1.7.0\junit-platform-commons-1.7.0.jar;C:\Users\Acer\.m2\repository\org\junit\jupiter\junit-jupiter-params\5.7.0\junit-jupiter-params-5.7.0.jar;C:\Users\Acer\.m2\repository\org\junit\jupiter\junit-jupiter-engine\5.7.0\junit-jupiter-engine-5.7.0.jar;C:\Users\Acer\.m2\repository\org\junit\platform\junit-platform-engine\1.7.0\junit-platform-engine-1.7.0.jar;C:\Users\Acer\.m2\repository\org\junit\jupiter\junit-jupiter-migrationsupport\5.7.0\junit-jupiter-migrationsupport-5.7.0.jar;C:\Users\Acer\.m2\repository\junit\junit\4.13\junit-4.13.jar;C:\Users\Acer\.m2\repository\org\hamcrest\hamcrest-core\1.3\hamcrest-core-1.3.jar;C:\Users\Acer\.m2\repository\org\apiguardian\apiguardian-api\1.1.0\apiguardian-api-1.1.0.jar;C:\Users\Acer\.m2\repository\org\assertj\assertj-core\3.19.0\assertj-core-3.19.0.jar;"/>
    <property name="java.vm.vendor" value="Oracle Corporation"/>
    <property name="sun.arch.data.model" value="64"/>
    <property name="user.variant" value=""/>
    <property name="java.vendor.url" value="https://java.oracle.com/"/>
    <property name="user.timezone" value="Asia/Tehran"/>
    <property name="user.country.format" value="IR"/>
    <property name="os.name" value="Windows 10"/>
    <property name="java.vm.specification.version" value="15"/>
    <property name="sun.java.launcher" value="SUN_STANDARD"/>
    <property name="user.country" value="US"/>
    <property name="sun.boot.library.path" value="C:\Users\Acer\.jdks\openjdk-15.0.1\bin"/>
    <property name="sun.java.command" value="C:\Users\Acer\AppData\Local\Temp\surefire4801498378579874950\surefirebooter-20221019165202491_3.jar C:\Users\Acer\AppData\Local\Temp\surefire4801498378579874950 ????-??-??T??-??-??_???-jvmRun1 surefire-20221019165202491_1tmp surefire_0-20221019165202491_2tmp"/>
    <property name="jdk.debug" value="release"/>
    <property name="surefire.test.class.path" value="E:\sonar rule\thp-java-custom-rules\target\test-classes;E:\sonar rule\thp-java-custom-rules\target\classes;C:\Users\Acer\.m2\repository\org\sonarsource\sonarqube\sonar-plugin-api\8.9.0.43852\sonar-plugin-api-8.9.0.43852.jar;C:\Users\Acer\.m2\repository\org\sonarsource\java\sonar-java-plugin\6.15.1.26025\sonar-java-plugin-6.15.1.26025.jar;C:\Users\Acer\.m2\repository\org\sonarsource\java\java-surefire\6.15.1.26025\java-surefire-6.15.1.26025.jar;C:\Users\Acer\.m2\repository\com\fasterxml\staxmate\staxmate\2.4.0\staxmate-2.4.0.jar;C:\Users\Acer\.m2\repository\org\codehaus\woodstox\stax2-api\4.2.1\stax2-api-4.2.1.jar;C:\Users\Acer\.m2\repository\org\sonarsource\java\java-frontend\6.15.1.26025\java-frontend-6.15.1.26025.jar;C:\Users\Acer\.m2\repository\org\sonarsource\java\jdt\6.15.1.26025\jdt-6.15.1.26025-shaded.jar;C:\Users\Acer\.m2\repository\org\eclipse\jdt\org.eclipse.jdt.core\3.25.0\org.eclipse.jdt.core-3.25.0.jar;C:\Users\Acer\.m2\repository\org\eclipse\platform\org.eclipse.core.resources\3.18.0\org.eclipse.core.resources-3.18.0.jar;C:\Users\Acer\.m2\repository\org\eclipse\platform\org.eclipse.osgi\3.18.100\org.eclipse.osgi-3.18.100.jar;C:\Users\Acer\.m2\repository\org\eclipse\platform\org.eclipse.core.runtime\3.26.0\org.eclipse.core.runtime-3.26.0.jar;C:\Users\Acer\.m2\repository\org\eclipse\platform\org.eclipse.equinox.common\3.16.200\org.eclipse.equinox.common-3.16.200.jar;C:\Users\Acer\.m2\repository\org\eclipse\platform\org.eclipse.core.jobs\3.13.100\org.eclipse.core.jobs-3.13.100.jar;C:\Users\Acer\.m2\repository\org\eclipse\platform\org.eclipse.equinox.preferences\3.10.100\org.eclipse.equinox.preferences-3.10.100.jar;C:\Users\Acer\.m2\repository\org\osgi\org.osgi.service.prefs\1.1.2\org.osgi.service.prefs-1.1.2.jar;C:\Users\Acer\.m2\repository\org\osgi\osgi.annotation\8.0.1\osgi.annotation-8.0.1.jar;C:\Users\Acer\.m2\repository\org\eclipse\platform\org.eclipse.core.contenttype\3.8.200\org.eclipse.core.contenttype-3.8.200.jar;C:\Users\Acer\.m2\repository\org\eclipse\platform\org.eclipse.text\3.12.200\org.eclipse.text-3.12.200.jar;C:\Users\Acer\.m2\repository\org\eclipse\platform\org.eclipse.core.commands\3.10.200\org.eclipse.core.commands-3.10.200.jar;C:\Users\Acer\.m2\repository\org\sonarsource\sslr\sslr-core\1.24.0.633\sslr-core-1.24.0.633.jar;C:\Users\Acer\.m2\repository\org\apache\commons\commons-lang3\3.12.0\commons-lang3-3.12.0.jar;C:\Users\Acer\.m2\repository\org\sonarsource\analyzer-commons\sonar-regex-parsing\1.14.1.690\sonar-regex-parsing-1.14.1.690.jar;C:\Users\Acer\.m2\repository\org\sonarsource\java\java-symbolic-execution\6.15.1.26025\java-symbolic-execution-6.15.1.26025.jar;C:\Users\Acer\.m2\repository\org\sonarsource\java\java-checks\6.15.1.26025\java-checks-6.15.1.26025.jar;C:\Users\Acer\.m2\repository\org\sonarsource\analyzer-commons\sonar-analyzer-recognizers\1.14.1.690\sonar-analyzer-recognizers-1.14.1.690.jar;C:\Users\Acer\.m2\repository\commons-lang\commons-lang\2.6\commons-lang-2.6.jar;C:\Users\Acer\.m2\repository\org\sonarsource\java\external-reports\6.15.1.26025\external-reports-6.15.1.26025.jar;C:\Users\Acer\.m2\repository\org\sonarsource\java\java-jsp\6.15.1.26025\java-jsp-6.15.1.26025.jar;C:\Users\Acer\.m2\repository\org\apache\tomcat\embed\tomcat-embed-jasper\9.0.33\tomcat-embed-jasper-9.0.33.jar;C:\Users\Acer\.m2\repository\org\apache\tomcat\embed\tomcat-embed-core\9.0.33\tomcat-embed-core-9.0.33.jar;C:\Users\Acer\.m2\repository\org\apache\tomcat\tomcat-annotations-api\9.0.33\tomcat-annotations-api-9.0.33.jar;C:\Users\Acer\.m2\repository\org\apache\tomcat\embed\tomcat-embed-el\9.0.33\tomcat-embed-el-9.0.33.jar;C:\Users\Acer\.m2\repository\org\sonarsource\analyzer-commons\sonar-xml-parsing\1.14.1.690\sonar-xml-parsing-1.14.1.690.jar;C:\Users\Acer\.m2\repository\xerces\xercesImpl\2.12.0\xercesImpl-2.12.0.jar;C:\Users\Acer\.m2\repository\xml-apis\xml-apis\1.4.01\xml-apis-1.4.01.jar;C:\Users\Acer\.m2\repository\com\fasterxml\woodstox\woodstox-core\5.2.0\woodstox-core-5.2.0.jar;C:\Users\Acer\.m2\repository\org\sonarsource\analyzer-commons\sonar-analyzer-commons\1.24.0.965\sonar-analyzer-commons-1.24.0.965.jar;C:\Users\Acer\.m2\repository\org\sonarsource\java\java-checks-testkit\6.15.1.26025\java-checks-testkit-6.15.1.26025.jar;C:\Users\Acer\.m2\repository\com\google\code\gson\gson\2.8.6\gson-2.8.6.jar;C:\Users\Acer\.m2\repository\com\google\code\findbugs\jsr305\3.0.2\jsr305-3.0.2.jar;C:\Users\Acer\.m2\repository\org\junit\jupiter\junit-jupiter\5.7.0\junit-jupiter-5.7.0.jar;C:\Users\Acer\.m2\repository\org\junit\jupiter\junit-jupiter-api\5.7.0\junit-jupiter-api-5.7.0.jar;C:\Users\Acer\.m2\repository\org\opentest4j\opentest4j\1.2.0\opentest4j-1.2.0.jar;C:\Users\Acer\.m2\repository\org\junit\platform\junit-platform-commons\1.7.0\junit-platform-commons-1.7.0.jar;C:\Users\Acer\.m2\repository\org\junit\jupiter\junit-jupiter-params\5.7.0\junit-jupiter-params-5.7.0.jar;C:\Users\Acer\.m2\repository\org\junit\jupiter\junit-jupiter-engine\5.7.0\junit-jupiter-engine-5.7.0.jar;C:\Users\Acer\.m2\repository\org\junit\platform\junit-platform-engine\1.7.0\junit-platform-engine-1.7.0.jar;C:\Users\Acer\.m2\repository\org\junit\jupiter\junit-jupiter-migrationsupport\5.7.0\junit-jupiter-migrationsupport-5.7.0.jar;C:\Users\Acer\.m2\repository\junit\junit\4.13\junit-4.13.jar;C:\Users\Acer\.m2\repository\org\hamcrest\hamcrest-core\1.3\hamcrest-core-1.3.jar;C:\Users\Acer\.m2\repository\org\apiguardian\apiguardian-api\1.1.0\apiguardian-api-1.1.0.jar;C:\Users\Acer\.m2\repository\org\assertj\assertj-core\3.19.0\assertj-core-3.19.0.jar;"/>
    <property name="sun.cpu.endian" value="little"/>
    <property name="user.home" value="C:\Users\Acer"/>
    <property name="user.language" value="en"/>
    <property name="java.specification.vendor" value="Oracle Corporation"/>
    <property name="java.version.date" value="2020-10-20"/>
    <property name="java.home" value="C:\Users\Acer\.jdks\openjdk-15.0.1"/>
    <property name="file.separator" value="\"/>
    <property name="basedir" value="E:\sonar rule\thp-java-custom-rules"/>
    <property name="java.vm.compressedOopsMode" value="32-bit"/>
    <property name="line.separator" value="&#10;"/>
    <property name="java.vm.specification.vendor" value="Oracle Corporation"/>
    <property name="java.specification.name" value="Java Platform API Specification"/>
    <property name="surefire.real.class.path" value="C:\Users\Acer\AppData\Local\Temp\surefire4801498378579874950\surefirebooter-20221019165202491_3.jar"/>
    <property name="user.script" value=""/>
    <property name="sun.management.compiler" value="HotSpot 64-Bit Tiered Compilers"/>
    <property name="java.runtime.version" value="15.0.1+9-18"/>
    <property name="user.name" value="Acer"/>
    <property name="path.separator" value=";"/>
    <property name="os.version" value="10.0"/>
    <property name="java.runtime.name" value="OpenJDK Runtime Environment"/>
    <property name="file.encoding" value="Cp1256"/>
    <property name="java.vm.name" value="OpenJDK 64-Bit Server VM"/>
    <property name="localRepository" value="C:\Users\Acer\.m2\repository"/>
    <property name="java.vendor.url.bug" value="https://bugreport.java.com/bugreport/"/>
    <property name="java.io.tmpdir" value="C:\Users\Acer\AppData\Local\Temp\"/>
    <property name="idea.version" value="2021.2.3"/>
    <property name="java.version" value="15.0.1"/>
    <property name="user.dir" value="E:\sonar rule\thp-java-custom-rules"/>
    <property name="os.arch" value="amd64"/>
    <property name="java.vm.specification.name" value="Java Virtual Machine Specification"/>
    <property name="user.language.format" value="fa"/>
    <property name="sun.os.patch.level" value=""/>
    <property name="java.library.path" value="C:\Users\Acer\.jdks\openjdk-15.0.1\bin;C:\Windows\Sun\Java\bin;C:\Windows\system32;C:\Windows;C:\Program Files\Common Files\Oracle\Java\javapath;C:\Program Files\Python310\Scripts\;C:\Program Files\Python310\;C:\Program Files (x86)\VMware\VMware Workstation\bin\;C:\Windows\system32;C:\Windows;C:\Windows\System32\Wbem;C:\Windows\System32\WindowsPowerShell\v1.0\;C:\Windows\System32\OpenSSH\;C:\Program Files (x86)\NVIDIA Corporation\PhysX\Common;C:\Program Files\NVIDIA Corporation\NVIDIA NvDLISR;C:\Program Files\Git\cmd;C:\Program Files (x86)\Microsoft SQL Server\110\Tools\Binn\;C:\Program Files\Microsoft SQL Server\110\Tools\Binn\;C:\Program Files\Microsoft SQL Server\110\DTS\Binn\;C:\Gradle\gradle-7.3.3\bin;C:\Program Files\Docker\Docker\resources\bin;C:\ProgramData\DockerDesktop\version-bin;C:\Program Files\Kubernetes\Minikube;C:\Program Files\Go\bin;C:\Program Files\dotnet\;C:\Users\Acer\AppData\Local\Microsoft\WindowsApps;C:\Users\Acer\AppData\Local\Programs\Microsoft VS Code\bin;C:\modeltech_10.1c\win32;E:\intelij\IntelliJ IDEA 2020.2.2\bin;;E:\modeltech_10.1c\win32;C:\modeltech64_2019.4\win64;C:\Program Files\JetBrains\PyCharm 2021.2.2\bin;;C:\Program Files\JetBrains\PyCharm Community Edition 2018.3.4\bin;;C:\Program Files (x86)\Nmap;C:\Gradle\gradle-7.3.3\bin;C:\kafka_2.13-3.1.0\bin;C:\Spark\spark-3.1.2-bin-hadoop3.2\bin;C:\Hadoop\bin;C:\apache-maven-3.8.4\bin;C:\Program Files\Python310\python.exe;C:\Users\Acer\AppData\Roaming\Python\Python310\Scripts;C:\Users\Acer\go\bin;C:\Program Files\Java\jdk1.8.0_341\bin;;."/>
    <property name="java.vm.info" value="mixed mode, sharing"/>
    <property name="java.vendor" value="Oracle Corporation"/>
    <property name="java.vm.version" value="15.0.1+9-18"/>
    <property name="sun.io.unicode.encoding" value="UnicodeLittle"/>
    <property name="java.class.version" value="59.0"/>
  </properties>
  <testcase name="test" classname="org.sonar.samples.java.MyJavaRulesDefinitionTest" time="0.222"/>
</testsuite>